{"/Users/july/qa-auto-engineer-javascript-project-87/src/diffTree.js": {"path":"/Users/july/qa-auto-engineer-javascript-project-87/src/diffTree.js","statementMap":{"0":{"start":{"line":6,"column":13},"end":{"line":42,"column":1}},"1":{"start":{"line":7,"column":18},"end":{"line":7,"column":35}},"2":{"start":{"line":8,"column":18},"end":{"line":8,"column":35}},"3":{"start":{"line":9,"column":15},"end":{"line":9,"column":40}},"4":{"start":{"line":10,"column":15},"end":{"line":10,"column":17}},"5":{"start":{"line":12,"column":2},"end":{"line":39,"column":3}},"6":{"start":{"line":13,"column":4},"end":{"line":38,"column":5}},"7":{"start":{"line":14,"column":6},"end":{"line":14,"column":66}},"8":{"start":{"line":15,"column":11},"end":{"line":38,"column":5}},"9":{"start":{"line":20,"column":6},"end":{"line":20,"column":67}},"10":{"start":{"line":21,"column":11},"end":{"line":38,"column":5}},"11":{"start":{"line":26,"column":6},"end":{"line":26,"column":65}},"12":{"start":{"line":27,"column":11},"end":{"line":38,"column":5}},"13":{"start":{"line":32,"column":6},"end":{"line":37,"column":9}},"14":{"start":{"line":40,"column":19},"end":{"line":40,"column":44}},"15":{"start":{"line":41,"column":2},"end":{"line":41,"column":18}}},"fnMap":{"0":{"name":"(anonymous_0)","decl":{"start":{"line":6,"column":13},"end":{"line":6,"column":14}},"loc":{"start":{"line":6,"column":29},"end":{"line":42,"column":1}},"line":6}},"branchMap":{"0":{"loc":{"start":{"line":13,"column":4},"end":{"line":38,"column":5}},"type":"if","locations":[{"start":{"line":13,"column":4},"end":{"line":38,"column":5}},{"start":{"line":15,"column":11},"end":{"line":38,"column":5}}],"line":13},"1":{"loc":{"start":{"line":15,"column":11},"end":{"line":38,"column":5}},"type":"if","locations":[{"start":{"line":15,"column":11},"end":{"line":38,"column":5}},{"start":{"line":21,"column":11},"end":{"line":38,"column":5}}],"line":15},"2":{"loc":{"start":{"line":16,"column":6},"end":{"line":18,"column":31}},"type":"binary-expr","locations":[{"start":{"line":16,"column":6},"end":{"line":16,"column":29}},{"start":{"line":17,"column":6},"end":{"line":17,"column":30}},{"start":{"line":18,"column":6},"end":{"line":18,"column":31}}],"line":16},"3":{"loc":{"start":{"line":21,"column":11},"end":{"line":38,"column":5}},"type":"if","locations":[{"start":{"line":21,"column":11},"end":{"line":38,"column":5}},{"start":{"line":27,"column":11},"end":{"line":38,"column":5}}],"line":21},"4":{"loc":{"start":{"line":22,"column":6},"end":{"line":24,"column":31}},"type":"binary-expr","locations":[{"start":{"line":22,"column":6},"end":{"line":22,"column":29}},{"start":{"line":23,"column":6},"end":{"line":23,"column":30}},{"start":{"line":24,"column":6},"end":{"line":24,"column":31}}],"line":22},"5":{"loc":{"start":{"line":27,"column":11},"end":{"line":38,"column":5}},"type":"if","locations":[{"start":{"line":27,"column":11},"end":{"line":38,"column":5}},{"start":{},"end":{}}],"line":27},"6":{"loc":{"start":{"line":28,"column":6},"end":{"line":30,"column":30}},"type":"binary-expr","locations":[{"start":{"line":28,"column":6},"end":{"line":28,"column":29}},{"start":{"line":29,"column":6},"end":{"line":29,"column":30}},{"start":{"line":30,"column":6},"end":{"line":30,"column":30}}],"line":28}},"s":{"0":1,"1":6,"2":6,"3":6,"4":6,"5":6,"6":30,"7":6,"8":24,"9":12,"10":12,"11":6,"12":6,"13":6,"14":6,"15":6},"f":{"0":6},"b":{"0":[6,24],"1":[12,12],"2":[24,24,18],"3":[6,6],"4":[12,12,12],"5":[6,0],"6":[6,6,6]},"_coverageSchema":"1a1c01bbd47fc00a2c39e90264f33305004495a9","hash":"19b7736af9e3f1d281566e5501d98c5d2b6c1aba"}
,"/Users/july/qa-auto-engineer-javascript-project-87/src/genDiff.js": {"path":"/Users/july/qa-auto-engineer-javascript-project-87/src/genDiff.js","statementMap":{"0":{"start":{"line":6,"column":16},"end":{"line":13,"column":1}},"1":{"start":{"line":7,"column":22},"end":{"line":7,"column":37}},"2":{"start":{"line":8,"column":22},"end":{"line":8,"column":37}},"3":{"start":{"line":9,"column":23},"end":{"line":9,"column":41}},"4":{"start":{"line":10,"column":23},"end":{"line":10,"column":41}},"5":{"start":{"line":11,"column":21},"end":{"line":11,"column":53}},"6":{"start":{"line":12,"column":4},"end":{"line":12,"column":41}}},"fnMap":{"0":{"name":"(anonymous_0)","decl":{"start":{"line":6,"column":16},"end":{"line":6,"column":17}},"loc":{"start":{"line":6,"column":43},"end":{"line":13,"column":1}},"line":6}},"branchMap":{},"s":{"0":1,"1":6,"2":6,"3":6,"4":6,"5":6,"6":6},"f":{"0":6},"b":{},"_coverageSchema":"1a1c01bbd47fc00a2c39e90264f33305004495a9","hash":"c045f41c71459a8c451e545f3131274c0834b7b1"}
,"/Users/july/qa-auto-engineer-javascript-project-87/src/makePath.js": {"path":"/Users/july/qa-auto-engineer-javascript-project-87/src/makePath.js","statementMap":{"0":{"start":{"line":5,"column":17},"end":{"line":20,"column":1}},"1":{"start":{"line":6,"column":2},"end":{"line":8,"column":3}},"2":{"start":{"line":7,"column":4},"end":{"line":7,"column":45}},"3":{"start":{"line":10,"column":2},"end":{"line":14,"column":3}},"4":{"start":{"line":11,"column":20},"end":{"line":11,"column":26}},"5":{"start":{"line":12,"column":17},"end":{"line":12,"column":38}},"6":{"start":{"line":13,"column":4},"end":{"line":13,"column":29}},"7":{"start":{"line":15,"column":2},"end":{"line":19,"column":3}},"8":{"start":{"line":16,"column":18},"end":{"line":16,"column":23}},"9":{"start":{"line":17,"column":15},"end":{"line":17,"column":44}},"10":{"start":{"line":18,"column":2},"end":{"line":18,"column":27}}},"fnMap":{"0":{"name":"(anonymous_0)","decl":{"start":{"line":5,"column":17},"end":{"line":5,"column":18}},"loc":{"start":{"line":5,"column":27},"end":{"line":20,"column":1}},"line":5}},"branchMap":{"0":{"loc":{"start":{"line":6,"column":2},"end":{"line":8,"column":3}},"type":"if","locations":[{"start":{"line":6,"column":2},"end":{"line":8,"column":3}},{"start":{},"end":{}}],"line":6},"1":{"loc":{"start":{"line":10,"column":2},"end":{"line":14,"column":3}},"type":"if","locations":[{"start":{"line":10,"column":2},"end":{"line":14,"column":3}},{"start":{},"end":{}}],"line":10},"2":{"loc":{"start":{"line":15,"column":2},"end":{"line":19,"column":3}},"type":"if","locations":[{"start":{"line":15,"column":2},"end":{"line":19,"column":3}},{"start":{},"end":{}}],"line":15}},"s":{"0":1,"1":12,"2":12,"3":12,"4":6,"5":6,"6":6,"7":6,"8":6,"9":6,"10":6},"f":{"0":12},"b":{"0":[12,0],"1":[6,6],"2":[6,0]},"_coverageSchema":"1a1c01bbd47fc00a2c39e90264f33305004495a9","hash":"2ee9f7e06edacb7dffa45a71e44bce9b4469ec59"}
,"/Users/july/qa-auto-engineer-javascript-project-87/src/parsers.js": {"path":"/Users/july/qa-auto-engineer-javascript-project-87/src/parsers.js","statementMap":{"0":{"start":{"line":6,"column":16},"end":{"line":16,"column":1}},"1":{"start":{"line":7,"column":15},"end":{"line":7,"column":24}},"2":{"start":{"line":8,"column":18},"end":{"line":8,"column":30}},"3":{"start":{"line":9,"column":2},"end":{"line":11,"column":3}},"4":{"start":{"line":10,"column":4},"end":{"line":10,"column":28}},"5":{"start":{"line":13,"column":2},"end":{"line":15,"column":3}},"6":{"start":{"line":14,"column":4},"end":{"line":14,"column":35}}},"fnMap":{"0":{"name":"(anonymous_0)","decl":{"start":{"line":6,"column":16},"end":{"line":6,"column":17}},"loc":{"start":{"line":6,"column":26},"end":{"line":16,"column":1}},"line":6}},"branchMap":{"0":{"loc":{"start":{"line":9,"column":2},"end":{"line":11,"column":3}},"type":"if","locations":[{"start":{"line":9,"column":2},"end":{"line":11,"column":3}},{"start":{},"end":{}}],"line":9},"1":{"loc":{"start":{"line":13,"column":2},"end":{"line":15,"column":3}},"type":"if","locations":[{"start":{"line":13,"column":2},"end":{"line":15,"column":3}},{"start":{},"end":{}}],"line":13}},"s":{"0":1,"1":12,"2":12,"3":12,"4":6,"5":6,"6":6},"f":{"0":12},"b":{"0":[6,6],"1":[6,0]},"_coverageSchema":"1a1c01bbd47fc00a2c39e90264f33305004495a9","hash":"76b2b6d0b13572e0dfca3b68d77a725689ee6296"}
,"/Users/july/qa-auto-engineer-javascript-project-87/src/formatters/JSONFormate.js": {"path":"/Users/july/qa-auto-engineer-javascript-project-87/src/formatters/JSONFormate.js","statementMap":{"0":{"start":{"line":1,"column":19},"end":{"line":3,"column":1}},"1":{"start":{"line":2,"column":2},"end":{"line":2,"column":30}}},"fnMap":{"0":{"name":"(anonymous_0)","decl":{"start":{"line":1,"column":19},"end":{"line":1,"column":20}},"loc":{"start":{"line":1,"column":29},"end":{"line":3,"column":1}},"line":1}},"branchMap":{},"s":{"0":1,"1":2},"f":{"0":2},"b":{},"_coverageSchema":"1a1c01bbd47fc00a2c39e90264f33305004495a9","hash":"bde9c0ed2966921974fd9559852a14dce0e81478"}
,"/Users/july/qa-auto-engineer-javascript-project-87/src/formatters/defaultStringFormat.js": {"path":"/Users/july/qa-auto-engineer-javascript-project-87/src/formatters/defaultStringFormat.js","statementMap":{"0":{"start":{"line":3,"column":28},"end":{"line":17,"column":1}},"1":{"start":{"line":4,"column":15},"end":{"line":4,"column":17}},"2":{"start":{"line":5,"column":2},"end":{"line":15,"column":3}},"3":{"start":{"line":6,"column":4},"end":{"line":14,"column":5}},"4":{"start":{"line":7,"column":6},"end":{"line":7,"column":63}},"5":{"start":{"line":8,"column":11},"end":{"line":14,"column":5}},"6":{"start":{"line":9,"column":6},"end":{"line":9,"column":63}},"7":{"start":{"line":10,"column":11},"end":{"line":14,"column":5}},"8":{"start":{"line":11,"column":6},"end":{"line":11,"column":100}},"9":{"start":{"line":12,"column":11},"end":{"line":14,"column":5}},"10":{"start":{"line":13,"column":6},"end":{"line":13,"column":63}},"11":{"start":{"line":16,"column":2},"end":{"line":16,"column":25}}},"fnMap":{"0":{"name":"(anonymous_0)","decl":{"start":{"line":3,"column":28},"end":{"line":3,"column":29}},"loc":{"start":{"line":3,"column":38},"end":{"line":17,"column":1}},"line":3}},"branchMap":{"0":{"loc":{"start":{"line":6,"column":4},"end":{"line":14,"column":5}},"type":"if","locations":[{"start":{"line":6,"column":4},"end":{"line":14,"column":5}},{"start":{"line":8,"column":11},"end":{"line":14,"column":5}}],"line":6},"1":{"loc":{"start":{"line":8,"column":11},"end":{"line":14,"column":5}},"type":"if","locations":[{"start":{"line":8,"column":11},"end":{"line":14,"column":5}},{"start":{"line":10,"column":11},"end":{"line":14,"column":5}}],"line":8},"2":{"loc":{"start":{"line":10,"column":11},"end":{"line":14,"column":5}},"type":"if","locations":[{"start":{"line":10,"column":11},"end":{"line":14,"column":5}},{"start":{"line":12,"column":11},"end":{"line":14,"column":5}}],"line":10},"3":{"loc":{"start":{"line":12,"column":11},"end":{"line":14,"column":5}},"type":"if","locations":[{"start":{"line":12,"column":11},"end":{"line":14,"column":5}},{"start":{},"end":{}}],"line":12}},"s":{"0":1,"1":2,"2":2,"3":10,"4":4,"5":6,"6":2,"7":4,"8":2,"9":2,"10":2,"11":2},"f":{"0":2},"b":{"0":[4,6],"1":[2,4],"2":[2,2],"3":[2,0]},"_coverageSchema":"1a1c01bbd47fc00a2c39e90264f33305004495a9","hash":"dc23cd3d8f37f40690fc5e44590fecac75cc0ac6"}
,"/Users/july/qa-auto-engineer-javascript-project-87/src/formatters/index.js": {"path":"/Users/july/qa-auto-engineer-javascript-project-87/src/formatters/index.js","statementMap":{"0":{"start":{"line":5,"column":19},"end":{"line":9,"column":1}},"1":{"start":{"line":11,"column":19},"end":{"line":17,"column":1}},"2":{"start":{"line":12,"column":2},"end":{"line":16,"column":41}},"3":{"start":{"line":13,"column":4},"end":{"line":13,"column":29}},"4":{"start":{"line":14,"column":9},"end":{"line":16,"column":41}},"5":{"start":{"line":15,"column":4},"end":{"line":15,"column":28}},"6":{"start":{"line":16,"column":9},"end":{"line":16,"column":41}}},"fnMap":{"0":{"name":"(anonymous_0)","decl":{"start":{"line":11,"column":19},"end":{"line":11,"column":20}},"loc":{"start":{"line":11,"column":35},"end":{"line":17,"column":1}},"line":11}},"branchMap":{"0":{"loc":{"start":{"line":12,"column":2},"end":{"line":16,"column":41}},"type":"if","locations":[{"start":{"line":12,"column":2},"end":{"line":16,"column":41}},{"start":{"line":14,"column":9},"end":{"line":16,"column":41}}],"line":12},"1":{"loc":{"start":{"line":14,"column":9},"end":{"line":16,"column":41}},"type":"if","locations":[{"start":{"line":14,"column":9},"end":{"line":16,"column":41}},{"start":{"line":16,"column":9},"end":{"line":16,"column":41}}],"line":14}},"s":{"0":1,"1":1,"2":6,"3":2,"4":4,"5":2,"6":2},"f":{"0":6},"b":{"0":[2,4],"1":[2,2]},"_coverageSchema":"1a1c01bbd47fc00a2c39e90264f33305004495a9","hash":"020578d471eb1a38ff15f69cf8b29d416cbca377"}
,"/Users/july/qa-auto-engineer-javascript-project-87/src/formatters/plainFormat.js": {"path":"/Users/july/qa-auto-engineer-javascript-project-87/src/formatters/plainFormat.js","statementMap":{"0":{"start":{"line":1,"column":20},"end":{"line":13,"column":1}},"1":{"start":{"line":2,"column":15},"end":{"line":2,"column":17}},"2":{"start":{"line":3,"column":2},"end":{"line":11,"column":3}},"3":{"start":{"line":4,"column":4},"end":{"line":10,"column":5}},"4":{"start":{"line":5,"column":6},"end":{"line":5,"column":66}},"5":{"start":{"line":6,"column":11},"end":{"line":10,"column":5}},"6":{"start":{"line":7,"column":6},"end":{"line":7,"column":107}},"7":{"start":{"line":8,"column":11},"end":{"line":10,"column":5}},"8":{"start":{"line":9,"column":6},"end":{"line":9,"column":90}},"9":{"start":{"line":12,"column":2},"end":{"line":12,"column":16}}},"fnMap":{"0":{"name":"(anonymous_0)","decl":{"start":{"line":1,"column":20},"end":{"line":1,"column":21}},"loc":{"start":{"line":1,"column":30},"end":{"line":13,"column":1}},"line":1}},"branchMap":{"0":{"loc":{"start":{"line":4,"column":4},"end":{"line":10,"column":5}},"type":"if","locations":[{"start":{"line":4,"column":4},"end":{"line":10,"column":5}},{"start":{"line":6,"column":11},"end":{"line":10,"column":5}}],"line":4},"1":{"loc":{"start":{"line":6,"column":11},"end":{"line":10,"column":5}},"type":"if","locations":[{"start":{"line":6,"column":11},"end":{"line":10,"column":5}},{"start":{"line":8,"column":11},"end":{"line":10,"column":5}}],"line":6},"2":{"loc":{"start":{"line":8,"column":11},"end":{"line":10,"column":5}},"type":"if","locations":[{"start":{"line":8,"column":11},"end":{"line":10,"column":5}},{"start":{},"end":{}}],"line":8}},"s":{"0":1,"1":2,"2":2,"3":10,"4":4,"5":6,"6":2,"7":4,"8":2,"9":2},"f":{"0":2},"b":{"0":[4,6],"1":[2,4],"2":[2,2]},"_coverageSchema":"1a1c01bbd47fc00a2c39e90264f33305004495a9","hash":"3db0d75686dab7e13704769943393d47c989e80e"}
}
