{"/Users/july/qa-auto-engineer-javascript-project-87/src/diff.js": {"path":"/Users/july/qa-auto-engineer-javascript-project-87/src/diff.js","statementMap":{"0":{"start":{"line":1,"column":13},"end":{"line":30,"column":1}},"1":{"start":{"line":2,"column":18},"end":{"line":2,"column":35}},"2":{"start":{"line":3,"column":18},"end":{"line":3,"column":35}},"3":{"start":{"line":4,"column":17},"end":{"line":4,"column":19}},"4":{"start":{"line":5,"column":2},"end":{"line":11,"column":3}},"5":{"start":{"line":6,"column":4},"end":{"line":10,"column":5}},"6":{"start":{"line":7,"column":6},"end":{"line":9,"column":7}},"7":{"start":{"line":8,"column":8},"end":{"line":8,"column":26}},"8":{"start":{"line":12,"column":21},"end":{"line":12,"column":23}},"9":{"start":{"line":13,"column":2},"end":{"line":15,"column":3}},"10":{"start":{"line":14,"column":4},"end":{"line":14,"column":377}},"11":{"start":{"line":14,"column":61},"end":{"line":14,"column":122}},"12":{"start":{"line":14,"column":130},"end":{"line":14,"column":377}},"13":{"start":{"line":14,"column":188},"end":{"line":14,"column":276}},"14":{"start":{"line":14,"column":284},"end":{"line":14,"column":377}},"15":{"start":{"line":14,"column":314},"end":{"line":14,"column":375}},"16":{"start":{"line":16,"column":2},"end":{"line":18,"column":3}},"17":{"start":{"line":17,"column":4},"end":{"line":17,"column":97}},"18":{"start":{"line":17,"column":34},"end":{"line":17,"column":95}},"19":{"start":{"line":19,"column":28},"end":{"line":19,"column":52}},"20":{"start":{"line":20,"column":17},"end":{"line":28,"column":4}},"21":{"start":{"line":21,"column":4},"end":{"line":23,"column":5}},"22":{"start":{"line":22,"column":6},"end":{"line":22,"column":16}},"23":{"start":{"line":24,"column":4},"end":{"line":26,"column":5}},"24":{"start":{"line":25,"column":6},"end":{"line":25,"column":15}},"25":{"start":{"line":27,"column":4},"end":{"line":27,"column":13}},"26":{"start":{"line":29,"column":2},"end":{"line":29,"column":36}}},"fnMap":{"0":{"name":"(anonymous_0)","decl":{"start":{"line":1,"column":13},"end":{"line":1,"column":14}},"loc":{"start":{"line":1,"column":29},"end":{"line":30,"column":1}},"line":1},"1":{"name":"(anonymous_1)","decl":{"start":{"line":20,"column":40},"end":{"line":20,"column":41}},"loc":{"start":{"line":20,"column":50},"end":{"line":28,"column":3}},"line":20}},"branchMap":{"0":{"loc":{"start":{"line":7,"column":6},"end":{"line":9,"column":7}},"type":"if","locations":[{"start":{"line":7,"column":6},"end":{"line":9,"column":7}},{"start":{},"end":{}}],"line":7},"1":{"loc":{"start":{"line":14,"column":4},"end":{"line":14,"column":377}},"type":"if","locations":[{"start":{"line":14,"column":4},"end":{"line":14,"column":377}},{"start":{"line":14,"column":130},"end":{"line":14,"column":377}}],"line":14},"2":{"loc":{"start":{"line":14,"column":8},"end":{"line":14,"column":57}},"type":"binary-expr","locations":[{"start":{"line":14,"column":8},"end":{"line":14,"column":29}},{"start":{"line":14,"column":33},"end":{"line":14,"column":57}}],"line":14},"3":{"loc":{"start":{"line":14,"column":130},"end":{"line":14,"column":377}},"type":"if","locations":[{"start":{"line":14,"column":130},"end":{"line":14,"column":377}},{"start":{"line":14,"column":284},"end":{"line":14,"column":377}}],"line":14},"4":{"loc":{"start":{"line":14,"column":134},"end":{"line":14,"column":184}},"type":"binary-expr","locations":[{"start":{"line":14,"column":134},"end":{"line":14,"column":155}},{"start":{"line":14,"column":159},"end":{"line":14,"column":184}}],"line":14},"5":{"loc":{"start":{"line":14,"column":284},"end":{"line":14,"column":377}},"type":"if","locations":[{"start":{"line":14,"column":284},"end":{"line":14,"column":377}},{"start":{},"end":{}}],"line":14},"6":{"loc":{"start":{"line":17,"column":4},"end":{"line":17,"column":97}},"type":"if","locations":[{"start":{"line":17,"column":4},"end":{"line":17,"column":97}},{"start":{},"end":{}}],"line":17},"7":{"loc":{"start":{"line":21,"column":4},"end":{"line":23,"column":5}},"type":"if","locations":[{"start":{"line":21,"column":4},"end":{"line":23,"column":5}},{"start":{},"end":{}}],"line":21},"8":{"loc":{"start":{"line":24,"column":4},"end":{"line":26,"column":5}},"type":"if","locations":[{"start":{"line":24,"column":4},"end":{"line":26,"column":5}},{"start":{},"end":{}}],"line":24}},"s":{"0":1,"1":2,"2":2,"3":2,"4":2,"5":8,"6":24,"7":4,"8":2,"9":2,"10":8,"11":2,"12":6,"13":2,"14":4,"15":4,"16":2,"17":6,"18":2,"19":2,"20":2,"21":22,"22":8,"23":14,"24":0,"25":14,"26":2},"f":{"0":2,"1":22},"b":{"0":[4,20],"1":[2,6],"2":[8,4],"3":[2,4],"4":[6,2],"5":[4,0],"6":[2,4],"7":[8,14],"8":[0,14]},"_coverageSchema":"1a1c01bbd47fc00a2c39e90264f33305004495a9","hash":"6143a096e70e29f03928388d6f6b4df1b3cfe37c"}
}
