TN:
SF:src/diff.js
FN:1,(anonymous_0)
FN:20,(anonymous_1)
FNF:2
FNH:2
FNDA:2,(anonymous_0)
FNDA:22,(anonymous_1)
DA:1,1
DA:2,2
DA:3,2
DA:4,2
DA:5,2
DA:6,8
DA:7,24
DA:8,4
DA:12,2
DA:13,2
DA:14,8
DA:16,2
DA:17,6
DA:19,2
DA:20,2
DA:21,22
DA:22,8
DA:24,14
DA:25,0
DA:27,14
DA:29,2
LF:21
LH:20
BRDA:7,0,0,4
BRDA:7,0,1,20
BRDA:14,1,0,2
BRDA:14,1,1,6
BRDA:14,2,0,8
BRDA:14,2,1,4
BRDA:14,3,0,2
BRDA:14,3,1,4
BRDA:14,4,0,6
BRDA:14,4,1,2
BRDA:14,5,0,4
BRDA:14,5,1,0
BRDA:17,6,0,2
BRDA:17,6,1,4
BRDA:21,7,0,8
BRDA:21,7,1,14
BRDA:24,8,0,0
BRDA:24,8,1,14
BRF:18
BRH:16
end_of_record
