TN:
SF:src/diff.js
FN:1,(anonymous_0)
FN:20,(anonymous_1)
FNF:2
FNH:2
FNDA:1,(anonymous_0)
FNDA:11,(anonymous_1)
DA:1,1
DA:2,1
DA:3,1
DA:4,1
DA:5,1
DA:6,4
DA:7,12
DA:8,2
DA:12,1
DA:13,1
DA:14,4
DA:16,1
DA:17,3
DA:19,1
DA:20,1
DA:21,11
DA:22,4
DA:24,7
DA:25,0
DA:27,7
DA:29,1
LF:21
LH:20
BRDA:7,0,0,2
BRDA:7,0,1,10
BRDA:14,1,0,1
BRDA:14,1,1,3
BRDA:14,2,0,4
BRDA:14,2,1,2
BRDA:14,3,0,1
BRDA:14,3,1,2
BRDA:14,4,0,3
BRDA:14,4,1,1
BRDA:14,5,0,2
BRDA:14,5,1,0
BRDA:17,6,0,1
BRDA:17,6,1,2
BRDA:21,7,0,4
BRDA:21,7,1,7
BRDA:24,8,0,0
BRDA:24,8,1,7
BRF:18
BRH:16
end_of_record
